<?xml version="1.0" encoding="UTF-8"?>
<testsuite xmlns:xsi="http://www.w3.org/2001/XMLSchema-instance" xsi:noNamespaceSchemaLocation="https://maven.apache.org/surefire/maven-surefire-plugin/xsd/surefire-test-report.xsd" name="ru.usharik.liquibase.demo.LiquibaseDemoApplicationTests" time="80.663" tests="3" errors="2" skipped="0" failures="0">
  <properties>
    <property name="sun.desktop" value="windows"/>
    <property name="jpda.address" value="54374"/>
    <property name="awt.toolkit" value="sun.awt.windows.WToolkit"/>
    <property name="file.encoding.pkg" value="sun.io"/>
    <property name="java.specification.version" value="1.8"/>
    <property name="sun.cpu.isalist" value="amd64"/>
    <property name="sun.jnu.encoding" value="Cp1251"/>
    <property name="java.class.path" value="D:\WORK\Java\spring-liquibase-hibernate\SpringHibernate\target\test-classes;D:\WORK\Java\spring-liquibase-hibernate\SpringHibernate\target\classes;C:\Users\pyatak\.m2\repository\org\springframework\boot\spring-boot-starter-data-jpa\2.1.6.RELEASE\spring-boot-starter-data-jpa-2.1.6.RELEASE.jar;C:\Users\pyatak\.m2\repository\org\springframework\boot\spring-boot-starter-aop\2.1.6.RELEASE\spring-boot-starter-aop-2.1.6.RELEASE.jar;C:\Users\pyatak\.m2\repository\org\springframework\spring-aop\5.1.8.RELEASE\spring-aop-5.1.8.RELEASE.jar;C:\Users\pyatak\.m2\repository\org\aspectj\aspectjweaver\1.9.4\aspectjweaver-1.9.4.jar;C:\Users\pyatak\.m2\repository\org\springframework\boot\spring-boot-starter-jdbc\2.1.6.RELEASE\spring-boot-starter-jdbc-2.1.6.RELEASE.jar;C:\Users\pyatak\.m2\repository\com\zaxxer\HikariCP\3.2.0\HikariCP-3.2.0.jar;C:\Users\pyatak\.m2\repository\org\springframework\spring-jdbc\5.1.8.RELEASE\spring-jdbc-5.1.8.RELEASE.jar;C:\Users\pyatak\.m2\repository\javax\transaction\javax.transaction-api\1.3\javax.transaction-api-1.3.jar;C:\Users\pyatak\.m2\repository\javax\xml\bind\jaxb-api\2.3.1\jaxb-api-2.3.1.jar;C:\Users\pyatak\.m2\repository\javax\activation\javax.activation-api\1.2.0\javax.activation-api-1.2.0.jar;C:\Users\pyatak\.m2\repository\org\hibernate\hibernate-core\5.3.10.Final\hibernate-core-5.3.10.Final.jar;C:\Users\pyatak\.m2\repository\org\jboss\logging\jboss-logging\3.3.2.Final\jboss-logging-3.3.2.Final.jar;C:\Users\pyatak\.m2\repository\javax\persistence\javax.persistence-api\2.2\javax.persistence-api-2.2.jar;C:\Users\pyatak\.m2\repository\org\javassist\javassist\3.23.2-GA\javassist-3.23.2-GA.jar;C:\Users\pyatak\.m2\repository\net\bytebuddy\byte-buddy\1.9.13\byte-buddy-1.9.13.jar;C:\Users\pyatak\.m2\repository\antlr\antlr\2.7.7\antlr-2.7.7.jar;C:\Users\pyatak\.m2\repository\org\jboss\jandex\2.0.5.Final\jandex-2.0.5.Final.jar;C:\Users\pyatak\.m2\repository\com\fasterxml\classmate\1.4.0\classmate-1.4.0.jar;C:\Users\pyatak\.m2\repository\org\dom4j\dom4j\2.1.1\dom4j-2.1.1.jar;C:\Users\pyatak\.m2\repository\org\hibernate\common\hibernate-commons-annotations\5.0.4.Final\hibernate-commons-annotations-5.0.4.Final.jar;C:\Users\pyatak\.m2\repository\org\springframework\data\spring-data-jpa\2.1.9.RELEASE\spring-data-jpa-2.1.9.RELEASE.jar;C:\Users\pyatak\.m2\repository\org\springframework\data\spring-data-commons\2.1.9.RELEASE\spring-data-commons-2.1.9.RELEASE.jar;C:\Users\pyatak\.m2\repository\org\springframework\spring-orm\5.1.8.RELEASE\spring-orm-5.1.8.RELEASE.jar;C:\Users\pyatak\.m2\repository\org\springframework\spring-context\5.1.8.RELEASE\spring-context-5.1.8.RELEASE.jar;C:\Users\pyatak\.m2\repository\org\springframework\spring-tx\5.1.8.RELEASE\spring-tx-5.1.8.RELEASE.jar;C:\Users\pyatak\.m2\repository\org\springframework\spring-beans\5.1.8.RELEASE\spring-beans-5.1.8.RELEASE.jar;C:\Users\pyatak\.m2\repository\org\springframework\spring-aspects\5.1.8.RELEASE\spring-aspects-5.1.8.RELEASE.jar;C:\Users\pyatak\.m2\repository\org\springframework\boot\spring-boot-starter-web\2.1.6.RELEASE\spring-boot-starter-web-2.1.6.RELEASE.jar;C:\Users\pyatak\.m2\repository\org\springframework\boot\spring-boot-starter\2.1.6.RELEASE\spring-boot-starter-2.1.6.RELEASE.jar;C:\Users\pyatak\.m2\repository\org\springframework\boot\spring-boot\2.1.6.RELEASE\spring-boot-2.1.6.RELEASE.jar;C:\Users\pyatak\.m2\repository\org\springframework\boot\spring-boot-autoconfigure\2.1.6.RELEASE\spring-boot-autoconfigure-2.1.6.RELEASE.jar;C:\Users\pyatak\.m2\repository\org\springframework\boot\spring-boot-starter-logging\2.1.6.RELEASE\spring-boot-starter-logging-2.1.6.RELEASE.jar;C:\Users\pyatak\.m2\repository\ch\qos\logback\logback-classic\1.2.3\logback-classic-1.2.3.jar;C:\Users\pyatak\.m2\repository\ch\qos\logback\logback-core\1.2.3\logback-core-1.2.3.jar;C:\Users\pyatak\.m2\repository\org\apache\logging\log4j\log4j-to-slf4j\2.11.2\log4j-to-slf4j-2.11.2.jar;C:\Users\pyatak\.m2\repository\org\apache\logging\log4j\log4j-api\2.11.2\log4j-api-2.11.2.jar;C:\Users\pyatak\.m2\repository\org\slf4j\jul-to-slf4j\1.7.26\jul-to-slf4j-1.7.26.jar;C:\Users\pyatak\.m2\repository\javax\annotation\javax.annotation-api\1.3.2\javax.annotation-api-1.3.2.jar;C:\Users\pyatak\.m2\repository\org\springframework\boot\spring-boot-starter-json\2.1.6.RELEASE\spring-boot-starter-json-2.1.6.RELEASE.jar;C:\Users\pyatak\.m2\repository\com\fasterxml\jackson\core\jackson-databind\2.9.9\jackson-databind-2.9.9.jar;C:\Users\pyatak\.m2\repository\com\fasterxml\jackson\core\jackson-annotations\2.9.0\jackson-annotations-2.9.0.jar;C:\Users\pyatak\.m2\repository\com\fasterxml\jackson\core\jackson-core\2.9.9\jackson-core-2.9.9.jar;C:\Users\pyatak\.m2\repository\com\fasterxml\jackson\datatype\jackson-datatype-jdk8\2.9.9\jackson-datatype-jdk8-2.9.9.jar;C:\Users\pyatak\.m2\repository\com\fasterxml\jackson\datatype\jackson-datatype-jsr310\2.9.9\jackson-datatype-jsr310-2.9.9.jar;C:\Users\pyatak\.m2\repository\com\fasterxml\jackson\module\jackson-module-parameter-names\2.9.9\jackson-module-parameter-names-2.9.9.jar;C:\Users\pyatak\.m2\repository\org\springframework\boot\spring-boot-starter-tomcat\2.1.6.RELEASE\spring-boot-starter-tomcat-2.1.6.RELEASE.jar;C:\Users\pyatak\.m2\repository\org\apache\tomcat\embed\tomcat-embed-core\9.0.21\tomcat-embed-core-9.0.21.jar;C:\Users\pyatak\.m2\repository\org\apache\tomcat\embed\tomcat-embed-el\9.0.21\tomcat-embed-el-9.0.21.jar;C:\Users\pyatak\.m2\repository\org\apache\tomcat\embed\tomcat-embed-websocket\9.0.21\tomcat-embed-websocket-9.0.21.jar;C:\Users\pyatak\.m2\repository\org\hibernate\validator\hibernate-validator\6.0.17.Final\hibernate-validator-6.0.17.Final.jar;C:\Users\pyatak\.m2\repository\javax\validation\validation-api\2.0.1.Final\validation-api-2.0.1.Final.jar;C:\Users\pyatak\.m2\repository\org\springframework\spring-web\5.1.8.RELEASE\spring-web-5.1.8.RELEASE.jar;C:\Users\pyatak\.m2\repository\org\springframework\spring-webmvc\5.1.8.RELEASE\spring-webmvc-5.1.8.RELEASE.jar;C:\Users\pyatak\.m2\repository\org\springframework\spring-expression\5.1.8.RELEASE\spring-expression-5.1.8.RELEASE.jar;C:\Users\pyatak\.m2\repository\org\liquibase\liquibase-core\3.6.3\liquibase-core-3.6.3.jar;C:\Users\pyatak\.m2\repository\org\yaml\snakeyaml\1.23\snakeyaml-1.23.jar;C:\Users\pyatak\.m2\repository\org\slf4j\slf4j-api\1.7.26\slf4j-api-1.7.26.jar;C:\Users\pyatak\.m2\repository\mysql\mysql-connector-java\8.0.16\mysql-connector-java-8.0.16.jar;C:\Users\pyatak\.m2\repository\org\springframework\boot\spring-boot-starter-test\2.1.6.RELEASE\spring-boot-starter-test-2.1.6.RELEASE.jar;C:\Users\pyatak\.m2\repository\org\springframework\boot\spring-boot-test\2.1.6.RELEASE\spring-boot-test-2.1.6.RELEASE.jar;C:\Users\pyatak\.m2\repository\org\springframework\boot\spring-boot-test-autoconfigure\2.1.6.RELEASE\spring-boot-test-autoconfigure-2.1.6.RELEASE.jar;C:\Users\pyatak\.m2\repository\com\jayway\jsonpath\json-path\2.4.0\json-path-2.4.0.jar;C:\Users\pyatak\.m2\repository\net\minidev\json-smart\2.3\json-smart-2.3.jar;C:\Users\pyatak\.m2\repository\net\minidev\accessors-smart\1.2\accessors-smart-1.2.jar;C:\Users\pyatak\.m2\repository\org\ow2\asm\asm\5.0.4\asm-5.0.4.jar;C:\Users\pyatak\.m2\repository\junit\junit\4.12\junit-4.12.jar;C:\Users\pyatak\.m2\repository\org\assertj\assertj-core\3.11.1\assertj-core-3.11.1.jar;C:\Users\pyatak\.m2\repository\org\mockito\mockito-core\2.23.4\mockito-core-2.23.4.jar;C:\Users\pyatak\.m2\repository\net\bytebuddy\byte-buddy-agent\1.9.13\byte-buddy-agent-1.9.13.jar;C:\Users\pyatak\.m2\repository\org\objenesis\objenesis\2.6\objenesis-2.6.jar;C:\Users\pyatak\.m2\repository\org\hamcrest\hamcrest-core\1.3\hamcrest-core-1.3.jar;C:\Users\pyatak\.m2\repository\org\hamcrest\hamcrest-library\1.3\hamcrest-library-1.3.jar;C:\Users\pyatak\.m2\repository\org\skyscreamer\jsonassert\1.5.0\jsonassert-1.5.0.jar;C:\Users\pyatak\.m2\repository\com\vaadin\external\google\android-json\0.0.20131108.vaadin1\android-json-0.0.20131108.vaadin1.jar;C:\Users\pyatak\.m2\repository\org\springframework\spring-core\5.1.8.RELEASE\spring-core-5.1.8.RELEASE.jar;C:\Users\pyatak\.m2\repository\org\springframework\spring-jcl\5.1.8.RELEASE\spring-jcl-5.1.8.RELEASE.jar;C:\Users\pyatak\.m2\repository\org\springframework\spring-test\5.1.8.RELEASE\spring-test-5.1.8.RELEASE.jar;C:\Users\pyatak\.m2\repository\org\xmlunit\xmlunit-core\2.6.2\xmlunit-core-2.6.2.jar;C:\Users\pyatak\.m2\repository\com\h2database\h2\1.4.199\h2-1.4.199.jar;"/>
    <property name="java.vm.vendor" value="Oracle Corporation"/>
    <property name="sun.arch.data.model" value="64"/>
    <property name="user.variant" value=""/>
    <property name="java.vendor.url" value="http://java.oracle.com/"/>
    <property name="user.timezone" value=""/>
    <property name="forkMode" value="once"/>
    <property name="java.vm.specification.version" value="1.8"/>
    <property name="os.name" value="Windows 8.1"/>
    <property name="sun.java.launcher" value="SUN_STANDARD"/>
    <property name="user.country" value="RU"/>
    <property name="sun.boot.library.path" value="C:\Program Files\Java\jdk1.8.0_231\jre\bin"/>
    <property name="sun.java.command" value="C:\Users\pyatak\AppData\Local\Temp\surefire5872431595295311129\surefirebooter1367405349328797028.jar C:\Users\pyatak\AppData\Local\Temp\surefire5872431595295311129 2020-01-17T13-37-52_953-jvmRun1 surefire6540533691705465718tmp surefire_0609155063748181571tmp"/>
    <property name="test" value="ru.usharik.liquibase.demo.LiquibaseDemoApplicationTests"/>
    <property name="surefire.test.class.path" value="D:\WORK\Java\spring-liquibase-hibernate\SpringHibernate\target\test-classes;D:\WORK\Java\spring-liquibase-hibernate\SpringHibernate\target\classes;C:\Users\pyatak\.m2\repository\org\springframework\boot\spring-boot-starter-data-jpa\2.1.6.RELEASE\spring-boot-starter-data-jpa-2.1.6.RELEASE.jar;C:\Users\pyatak\.m2\repository\org\springframework\boot\spring-boot-starter-aop\2.1.6.RELEASE\spring-boot-starter-aop-2.1.6.RELEASE.jar;C:\Users\pyatak\.m2\repository\org\springframework\spring-aop\5.1.8.RELEASE\spring-aop-5.1.8.RELEASE.jar;C:\Users\pyatak\.m2\repository\org\aspectj\aspectjweaver\1.9.4\aspectjweaver-1.9.4.jar;C:\Users\pyatak\.m2\repository\org\springframework\boot\spring-boot-starter-jdbc\2.1.6.RELEASE\spring-boot-starter-jdbc-2.1.6.RELEASE.jar;C:\Users\pyatak\.m2\repository\com\zaxxer\HikariCP\3.2.0\HikariCP-3.2.0.jar;C:\Users\pyatak\.m2\repository\org\springframework\spring-jdbc\5.1.8.RELEASE\spring-jdbc-5.1.8.RELEASE.jar;C:\Users\pyatak\.m2\repository\javax\transaction\javax.transaction-api\1.3\javax.transaction-api-1.3.jar;C:\Users\pyatak\.m2\repository\javax\xml\bind\jaxb-api\2.3.1\jaxb-api-2.3.1.jar;C:\Users\pyatak\.m2\repository\javax\activation\javax.activation-api\1.2.0\javax.activation-api-1.2.0.jar;C:\Users\pyatak\.m2\repository\org\hibernate\hibernate-core\5.3.10.Final\hibernate-core-5.3.10.Final.jar;C:\Users\pyatak\.m2\repository\org\jboss\logging\jboss-logging\3.3.2.Final\jboss-logging-3.3.2.Final.jar;C:\Users\pyatak\.m2\repository\javax\persistence\javax.persistence-api\2.2\javax.persistence-api-2.2.jar;C:\Users\pyatak\.m2\repository\org\javassist\javassist\3.23.2-GA\javassist-3.23.2-GA.jar;C:\Users\pyatak\.m2\repository\net\bytebuddy\byte-buddy\1.9.13\byte-buddy-1.9.13.jar;C:\Users\pyatak\.m2\repository\antlr\antlr\2.7.7\antlr-2.7.7.jar;C:\Users\pyatak\.m2\repository\org\jboss\jandex\2.0.5.Final\jandex-2.0.5.Final.jar;C:\Users\pyatak\.m2\repository\com\fasterxml\classmate\1.4.0\classmate-1.4.0.jar;C:\Users\pyatak\.m2\repository\org\dom4j\dom4j\2.1.1\dom4j-2.1.1.jar;C:\Users\pyatak\.m2\repository\org\hibernate\common\hibernate-commons-annotations\5.0.4.Final\hibernate-commons-annotations-5.0.4.Final.jar;C:\Users\pyatak\.m2\repository\org\springframework\data\spring-data-jpa\2.1.9.RELEASE\spring-data-jpa-2.1.9.RELEASE.jar;C:\Users\pyatak\.m2\repository\org\springframework\data\spring-data-commons\2.1.9.RELEASE\spring-data-commons-2.1.9.RELEASE.jar;C:\Users\pyatak\.m2\repository\org\springframework\spring-orm\5.1.8.RELEASE\spring-orm-5.1.8.RELEASE.jar;C:\Users\pyatak\.m2\repository\org\springframework\spring-context\5.1.8.RELEASE\spring-context-5.1.8.RELEASE.jar;C:\Users\pyatak\.m2\repository\org\springframework\spring-tx\5.1.8.RELEASE\spring-tx-5.1.8.RELEASE.jar;C:\Users\pyatak\.m2\repository\org\springframework\spring-beans\5.1.8.RELEASE\spring-beans-5.1.8.RELEASE.jar;C:\Users\pyatak\.m2\repository\org\springframework\spring-aspects\5.1.8.RELEASE\spring-aspects-5.1.8.RELEASE.jar;C:\Users\pyatak\.m2\repository\org\springframework\boot\spring-boot-starter-web\2.1.6.RELEASE\spring-boot-starter-web-2.1.6.RELEASE.jar;C:\Users\pyatak\.m2\repository\org\springframework\boot\spring-boot-starter\2.1.6.RELEASE\spring-boot-starter-2.1.6.RELEASE.jar;C:\Users\pyatak\.m2\repository\org\springframework\boot\spring-boot\2.1.6.RELEASE\spring-boot-2.1.6.RELEASE.jar;C:\Users\pyatak\.m2\repository\org\springframework\boot\spring-boot-autoconfigure\2.1.6.RELEASE\spring-boot-autoconfigure-2.1.6.RELEASE.jar;C:\Users\pyatak\.m2\repository\org\springframework\boot\spring-boot-starter-logging\2.1.6.RELEASE\spring-boot-starter-logging-2.1.6.RELEASE.jar;C:\Users\pyatak\.m2\repository\ch\qos\logback\logback-classic\1.2.3\logback-classic-1.2.3.jar;C:\Users\pyatak\.m2\repository\ch\qos\logback\logback-core\1.2.3\logback-core-1.2.3.jar;C:\Users\pyatak\.m2\repository\org\apache\logging\log4j\log4j-to-slf4j\2.11.2\log4j-to-slf4j-2.11.2.jar;C:\Users\pyatak\.m2\repository\org\apache\logging\log4j\log4j-api\2.11.2\log4j-api-2.11.2.jar;C:\Users\pyatak\.m2\repository\org\slf4j\jul-to-slf4j\1.7.26\jul-to-slf4j-1.7.26.jar;C:\Users\pyatak\.m2\repository\javax\annotation\javax.annotation-api\1.3.2\javax.annotation-api-1.3.2.jar;C:\Users\pyatak\.m2\repository\org\springframework\boot\spring-boot-starter-json\2.1.6.RELEASE\spring-boot-starter-json-2.1.6.RELEASE.jar;C:\Users\pyatak\.m2\repository\com\fasterxml\jackson\core\jackson-databind\2.9.9\jackson-databind-2.9.9.jar;C:\Users\pyatak\.m2\repository\com\fasterxml\jackson\core\jackson-annotations\2.9.0\jackson-annotations-2.9.0.jar;C:\Users\pyatak\.m2\repository\com\fasterxml\jackson\core\jackson-core\2.9.9\jackson-core-2.9.9.jar;C:\Users\pyatak\.m2\repository\com\fasterxml\jackson\datatype\jackson-datatype-jdk8\2.9.9\jackson-datatype-jdk8-2.9.9.jar;C:\Users\pyatak\.m2\repository\com\fasterxml\jackson\datatype\jackson-datatype-jsr310\2.9.9\jackson-datatype-jsr310-2.9.9.jar;C:\Users\pyatak\.m2\repository\com\fasterxml\jackson\module\jackson-module-parameter-names\2.9.9\jackson-module-parameter-names-2.9.9.jar;C:\Users\pyatak\.m2\repository\org\springframework\boot\spring-boot-starter-tomcat\2.1.6.RELEASE\spring-boot-starter-tomcat-2.1.6.RELEASE.jar;C:\Users\pyatak\.m2\repository\org\apache\tomcat\embed\tomcat-embed-core\9.0.21\tomcat-embed-core-9.0.21.jar;C:\Users\pyatak\.m2\repository\org\apache\tomcat\embed\tomcat-embed-el\9.0.21\tomcat-embed-el-9.0.21.jar;C:\Users\pyatak\.m2\repository\org\apache\tomcat\embed\tomcat-embed-websocket\9.0.21\tomcat-embed-websocket-9.0.21.jar;C:\Users\pyatak\.m2\repository\org\hibernate\validator\hibernate-validator\6.0.17.Final\hibernate-validator-6.0.17.Final.jar;C:\Users\pyatak\.m2\repository\javax\validation\validation-api\2.0.1.Final\validation-api-2.0.1.Final.jar;C:\Users\pyatak\.m2\repository\org\springframework\spring-web\5.1.8.RELEASE\spring-web-5.1.8.RELEASE.jar;C:\Users\pyatak\.m2\repository\org\springframework\spring-webmvc\5.1.8.RELEASE\spring-webmvc-5.1.8.RELEASE.jar;C:\Users\pyatak\.m2\repository\org\springframework\spring-expression\5.1.8.RELEASE\spring-expression-5.1.8.RELEASE.jar;C:\Users\pyatak\.m2\repository\org\liquibase\liquibase-core\3.6.3\liquibase-core-3.6.3.jar;C:\Users\pyatak\.m2\repository\org\yaml\snakeyaml\1.23\snakeyaml-1.23.jar;C:\Users\pyatak\.m2\repository\org\slf4j\slf4j-api\1.7.26\slf4j-api-1.7.26.jar;C:\Users\pyatak\.m2\repository\mysql\mysql-connector-java\8.0.16\mysql-connector-java-8.0.16.jar;C:\Users\pyatak\.m2\repository\org\springframework\boot\spring-boot-starter-test\2.1.6.RELEASE\spring-boot-starter-test-2.1.6.RELEASE.jar;C:\Users\pyatak\.m2\repository\org\springframework\boot\spring-boot-test\2.1.6.RELEASE\spring-boot-test-2.1.6.RELEASE.jar;C:\Users\pyatak\.m2\repository\org\springframework\boot\spring-boot-test-autoconfigure\2.1.6.RELEASE\spring-boot-test-autoconfigure-2.1.6.RELEASE.jar;C:\Users\pyatak\.m2\repository\com\jayway\jsonpath\json-path\2.4.0\json-path-2.4.0.jar;C:\Users\pyatak\.m2\repository\net\minidev\json-smart\2.3\json-smart-2.3.jar;C:\Users\pyatak\.m2\repository\net\minidev\accessors-smart\1.2\accessors-smart-1.2.jar;C:\Users\pyatak\.m2\repository\org\ow2\asm\asm\5.0.4\asm-5.0.4.jar;C:\Users\pyatak\.m2\repository\junit\junit\4.12\junit-4.12.jar;C:\Users\pyatak\.m2\repository\org\assertj\assertj-core\3.11.1\assertj-core-3.11.1.jar;C:\Users\pyatak\.m2\repository\org\mockito\mockito-core\2.23.4\mockito-core-2.23.4.jar;C:\Users\pyatak\.m2\repository\net\bytebuddy\byte-buddy-agent\1.9.13\byte-buddy-agent-1.9.13.jar;C:\Users\pyatak\.m2\repository\org\objenesis\objenesis\2.6\objenesis-2.6.jar;C:\Users\pyatak\.m2\repository\org\hamcrest\hamcrest-core\1.3\hamcrest-core-1.3.jar;C:\Users\pyatak\.m2\repository\org\hamcrest\hamcrest-library\1.3\hamcrest-library-1.3.jar;C:\Users\pyatak\.m2\repository\org\skyscreamer\jsonassert\1.5.0\jsonassert-1.5.0.jar;C:\Users\pyatak\.m2\repository\com\vaadin\external\google\android-json\0.0.20131108.vaadin1\android-json-0.0.20131108.vaadin1.jar;C:\Users\pyatak\.m2\repository\org\springframework\spring-core\5.1.8.RELEASE\spring-core-5.1.8.RELEASE.jar;C:\Users\pyatak\.m2\repository\org\springframework\spring-jcl\5.1.8.RELEASE\spring-jcl-5.1.8.RELEASE.jar;C:\Users\pyatak\.m2\repository\org\springframework\spring-test\5.1.8.RELEASE\spring-test-5.1.8.RELEASE.jar;C:\Users\pyatak\.m2\repository\org\xmlunit\xmlunit-core\2.6.2\xmlunit-core-2.6.2.jar;C:\Users\pyatak\.m2\repository\com\h2database\h2\1.4.199\h2-1.4.199.jar;"/>
    <property name="sun.cpu.endian" value="little"/>
    <property name="user.home" value="C:\Users\pyatak"/>
    <property name="user.language" value="ru"/>
    <property name="java.specification.vendor" value="Oracle Corporation"/>
    <property name="java.home" value="C:\Program Files\Java\jdk1.8.0_231\jre"/>
    <property name="basedir" value="D:\WORK\Java\spring-liquibase-hibernate\SpringHibernate"/>
    <property name="file.separator" value="\"/>
    <property name="line.separator" value="&#10;"/>
    <property name="java.vm.specification.vendor" value="Oracle Corporation"/>
    <property name="java.specification.name" value="Java Platform API Specification"/>
    <property name="java.awt.graphicsenv" value="sun.awt.Win32GraphicsEnvironment"/>
    <property name="surefire.real.class.path" value="C:\Users\pyatak\AppData\Local\Temp\surefire5872431595295311129\surefirebooter1367405349328797028.jar"/>
    <property name="sun.boot.class.path" value="C:\Program Files\Java\jdk1.8.0_231\jre\lib\resources.jar;C:\Program Files\Java\jdk1.8.0_231\jre\lib\rt.jar;C:\Program Files\Java\jdk1.8.0_231\jre\lib\sunrsasign.jar;C:\Program Files\Java\jdk1.8.0_231\jre\lib\jsse.jar;C:\Program Files\Java\jdk1.8.0_231\jre\lib\jce.jar;C:\Program Files\Java\jdk1.8.0_231\jre\lib\charsets.jar;C:\Program Files\Java\jdk1.8.0_231\jre\lib\jfr.jar;C:\Program Files\Java\jdk1.8.0_231\jre\classes"/>
    <property name="user.script" value=""/>
    <property name="sun.management.compiler" value="HotSpot 64-Bit Tiered Compilers"/>
    <property name="java.runtime.version" value="1.8.0_231-b11"/>
    <property name="user.name" value="pyatak"/>
    <property name="path.separator" value=";"/>
    <property name="os.version" value="6.3"/>
    <property name="java.endorsed.dirs" value="C:\Program Files\Java\jdk1.8.0_231\jre\lib\endorsed"/>
    <property name="java.runtime.name" value="Java(TM) SE Runtime Environment"/>
    <property name="file.encoding" value="UTF-8"/>
    <property name="java.vm.name" value="Java HotSpot(TM) 64-Bit Server VM"/>
    <property name="jpda.listen" value="true"/>
    <property name="maven.ext.class.path" value="C:\Program Files\NetBeans-11.2\netbeans\java\maven-nblib\netbeans-eventspy.jar"/>
    <property name="localRepository" value="C:\Users\pyatak\.m2\repository"/>
    <property name="java.vendor.url.bug" value="http://bugreport.sun.com/bugreport/"/>
    <property name="java.io.tmpdir" value="C:\Users\pyatak\AppData\Local\Temp\"/>
    <property name="java.version" value="1.8.0_231"/>
    <property name="user.dir" value="D:\WORK\Java\spring-liquibase-hibernate\SpringHibernate"/>
    <property name="os.arch" value="amd64"/>
    <property name="java.vm.specification.name" value="Java Virtual Machine Specification"/>
    <property name="java.awt.printerjob" value="sun.awt.windows.WPrinterJob"/>
    <property name="sun.os.patch.level" value=""/>
    <property name="java.library.path" value="C:\Program Files\Java\jdk1.8.0_231\jre\bin;C:\Windows\Sun\Java\bin;C:\Windows\system32;C:\Windows;C:\Program Files (x86)\Common Files\Oracle\Java\javapath;C:\Program Files (x86)\Common Files\ASCON Shared;C:\Program Files (x86)\Common Files\ASCON Shared\Loodsman;C:\Program Files (x86)\Common Files\ASCON Shared\;C:\Windows\system32;C:\Windows;C:\Windows\System32\Wbem;C:\Windows\System32\WindowsPowerShell\v1.0\;C:\Program Files\Microsoft SQL Server\Client SDK\ODBC\130\Tools\Binn\;C:\Program Files (x86)\Microsoft SQL Server\140\Tools\Binn\;C:\Program Files\Microsoft SQL Server\140\Tools\Binn\;C:\Program Files\Microsoft SQL Server\140\DTS\Binn\;C:\Program Files (x86)\Microsoft SQL Server\Client SDK\ODBC\130\Tools\Binn\;C:\Program Files (x86)\Microsoft SQL Server\140\DTS\Binn\;C:\Program Files (x86)\Microsoft SQL Server\140\Tools\Binn\ManagementStudio\;C:\Program Files\TortoiseSVN\bin;C:\Program Files\dotnet\;C:\Program Files\Microsoft SQL Server\130\Tools\Binn\;C:\Program Files\Microsoft SQL Server\Client SDK\ODBC\170\Tools\Binn\;D:\WORK\Java\Libraries\apache-maven-3.6.2-bin\apache-maven-3.6.2\bin;C:\Users\pyatak\AppData\Local\GitHubDesktop\bin;C:\Users\pyatak\AppData\Local\Programs\Fiddler;."/>
    <property name="java.vm.info" value="mixed mode"/>
    <property name="java.vendor" value="Oracle Corporation"/>
    <property name="java.vm.version" value="25.231-b11"/>
    <property name="java.ext.dirs" value="C:\Program Files\Java\jdk1.8.0_231\jre\lib\ext;C:\Windows\Sun\Java\lib\ext"/>
    <property name="sun.io.unicode.encoding" value="UnicodeLittle"/>
    <property name="java.class.version" value="52.0"/>
    <property name="maven.surefire.debug" value="-agentlib:jdwp=transport=dt_socket,server=n,address=54374"/>
  </properties>
  <testcase name="getNextWeekUsers" classname="ru.usharik.liquibase.demo.LiquibaseDemoApplicationTests" time="0.441">
    <error message="Index: 0, Size: 0" type="java.lang.IndexOutOfBoundsException">java.lang.IndexOutOfBoundsException: Index: 0, Size: 0
	at ru.usharik.liquibase.demo.LiquibaseDemoApplicationTests.getNextWeekUsers(LiquibaseDemoApplicationTests.java:41)
</error>
    <system-out><![CDATA[13:37:54.863 [main] DEBUG org.springframework.test.context.junit4.SpringJUnit4ClassRunner - SpringJUnit4ClassRunner constructor called with [class ru.usharik.liquibase.demo.LiquibaseDemoApplicationTests]
13:37:54.875 [main] DEBUG org.springframework.test.context.BootstrapUtils - Instantiating CacheAwareContextLoaderDelegate from class [org.springframework.test.context.cache.DefaultCacheAwareContextLoaderDelegate]
13:37:54.890 [main] DEBUG org.springframework.test.context.BootstrapUtils - Instantiating BootstrapContext using constructor [public org.springframework.test.context.support.DefaultBootstrapContext(java.lang.Class,org.springframework.test.context.CacheAwareContextLoaderDelegate)]
13:37:54.938 [main] DEBUG org.springframework.test.context.BootstrapUtils - Instantiating TestContextBootstrapper for test class [ru.usharik.liquibase.demo.LiquibaseDemoApplicationTests] from class [org.springframework.boot.test.context.SpringBootTestContextBootstrapper]
13:37:54.965 [main] INFO org.springframework.boot.test.context.SpringBootTestContextBootstrapper - Neither @ContextConfiguration nor @ContextHierarchy found for test class [ru.usharik.liquibase.demo.LiquibaseDemoApplicationTests], using SpringBootContextLoader
13:37:54.972 [main] DEBUG org.springframework.test.context.support.AbstractContextLoader - Did not detect default resource location for test class [ru.usharik.liquibase.demo.LiquibaseDemoApplicationTests]: class path resource [ru/usharik/liquibase/demo/LiquibaseDemoApplicationTests-context.xml] does not exist
13:37:54.972 [main] DEBUG org.springframework.test.context.support.AbstractContextLoader - Did not detect default resource location for test class [ru.usharik.liquibase.demo.LiquibaseDemoApplicationTests]: class path resource [ru/usharik/liquibase/demo/LiquibaseDemoApplicationTestsContext.groovy] does not exist
13:37:54.973 [main] INFO org.springframework.test.context.support.AbstractContextLoader - Could not detect default resource locations for test class [ru.usharik.liquibase.demo.LiquibaseDemoApplicationTests]: no resource found for suffixes {-context.xml, Context.groovy}.
13:37:54.974 [main] INFO org.springframework.test.context.support.AnnotationConfigContextLoaderUtils - Could not detect default configuration classes for test class [ru.usharik.liquibase.demo.LiquibaseDemoApplicationTests]: LiquibaseDemoApplicationTests does not declare any static, non-private, non-final, nested classes annotated with @Configuration.
13:37:55.085 [main] DEBUG org.springframework.test.context.support.ActiveProfilesUtils - Could not find an 'annotation declaring class' for annotation type [org.springframework.test.context.ActiveProfiles] and class [ru.usharik.liquibase.demo.LiquibaseDemoApplicationTests]
13:37:55.246 [main] DEBUG org.springframework.context.annotation.ClassPathScanningCandidateComponentProvider - Identified candidate component class: file [D:\WORK\Java\spring-liquibase-hibernate\SpringHibernate\target\classes\ru\usharik\liquibase\demo\LiquibaseDemoApplication.class]
13:37:55.249 [main] INFO org.springframework.boot.test.context.SpringBootTestContextBootstrapper - Found @SpringBootConfiguration ru.usharik.liquibase.demo.LiquibaseDemoApplication for test class ru.usharik.liquibase.demo.LiquibaseDemoApplicationTests
13:37:55.410 [main] DEBUG org.springframework.boot.test.context.SpringBootTestContextBootstrapper - @TestExecutionListeners is not present for class [ru.usharik.liquibase.demo.LiquibaseDemoApplicationTests]: using defaults.
13:37:55.411 [main] INFO org.springframework.boot.test.context.SpringBootTestContextBootstrapper - Loaded default TestExecutionListener class names from location [META-INF/spring.factories]: [org.springframework.boot.test.mock.mockito.MockitoTestExecutionListener, org.springframework.boot.test.mock.mockito.ResetMocksTestExecutionListener, org.springframework.boot.test.autoconfigure.restdocs.RestDocsTestExecutionListener, org.springframework.boot.test.autoconfigure.web.client.MockRestServiceServerResetTestExecutionListener, org.springframework.boot.test.autoconfigure.web.servlet.MockMvcPrintOnlyOnFailureTestExecutionListener, org.springframework.boot.test.autoconfigure.web.servlet.WebDriverTestExecutionListener, org.springframework.test.context.web.ServletTestExecutionListener, org.springframework.test.context.support.DirtiesContextBeforeModesTestExecutionListener, org.springframework.test.context.support.DependencyInjectionTestExecutionListener, org.springframework.test.context.support.DirtiesContextTestExecutionListener, org.springframework.test.context.transaction.TransactionalTestExecutionListener, org.springframework.test.context.jdbc.SqlScriptsTestExecutionListener]
13:37:55.437 [main] INFO org.springframework.boot.test.context.SpringBootTestContextBootstrapper - Using TestExecutionListeners: [org.springframework.test.context.web.ServletTestExecutionListener@43015c69, org.springframework.test.context.support.DirtiesContextBeforeModesTestExecutionListener@19b89d4, org.springframework.boot.test.mock.mockito.MockitoTestExecutionListener@4bbf6d0e, org.springframework.boot.test.autoconfigure.SpringBootDependencyInjectionTestExecutionListener@30b6ffe0, org.springframework.test.context.support.DirtiesContextTestExecutionListener@791d1f8b, org.springframework.test.context.transaction.TransactionalTestExecutionListener@2415fc55, org.springframework.test.context.jdbc.SqlScriptsTestExecutionListener@14f232c4, org.springframework.boot.test.mock.mockito.ResetMocksTestExecutionListener@13bc8645, org.springframework.boot.test.autoconfigure.restdocs.RestDocsTestExecutionListener@24c22fe, org.springframework.boot.test.autoconfigure.web.client.MockRestServiceServerResetTestExecutionListener@93081b6, org.springframework.boot.test.autoconfigure.web.servlet.MockMvcPrintOnlyOnFailureTestExecutionListener@cd1e646, org.springframework.boot.test.autoconfigure.web.servlet.WebDriverTestExecutionListener@7ba8c737]
13:37:55.440 [main] DEBUG org.springframework.test.annotation.ProfileValueUtils - Retrieved @ProfileValueSourceConfiguration [null] for test class [ru.usharik.liquibase.demo.LiquibaseDemoApplicationTests]
13:37:55.441 [main] DEBUG org.springframework.test.annotation.ProfileValueUtils - Retrieved ProfileValueSource type [class org.springframework.test.annotation.SystemProfileValueSource] for class [ru.usharik.liquibase.demo.LiquibaseDemoApplicationTests]
13:37:55.443 [main] DEBUG org.springframework.test.annotation.ProfileValueUtils - Retrieved @ProfileValueSourceConfiguration [null] for test class [ru.usharik.liquibase.demo.LiquibaseDemoApplicationTests]
13:37:55.443 [main] DEBUG org.springframework.test.annotation.ProfileValueUtils - Retrieved ProfileValueSource type [class org.springframework.test.annotation.SystemProfileValueSource] for class [ru.usharik.liquibase.demo.LiquibaseDemoApplicationTests]
13:37:55.445 [main] DEBUG org.springframework.test.annotation.ProfileValueUtils - Retrieved @ProfileValueSourceConfiguration [null] for test class [ru.usharik.liquibase.demo.LiquibaseDemoApplicationTests]
13:37:55.445 [main] DEBUG org.springframework.test.annotation.ProfileValueUtils - Retrieved ProfileValueSource type [class org.springframework.test.annotation.SystemProfileValueSource] for class [ru.usharik.liquibase.demo.LiquibaseDemoApplicationTests]
13:37:55.452 [main] DEBUG org.springframework.test.context.support.AbstractDirtiesContextTestExecutionListener - Before test class: context [DefaultTestContext@6ea2bc93 testClass = LiquibaseDemoApplicationTests, testInstance = [null], testMethod = [null], testException = [null], mergedContextConfiguration = [WebMergedContextConfiguration@3116c353 testClass = LiquibaseDemoApplicationTests, locations = '{}', classes = '{class ru.usharik.liquibase.demo.LiquibaseDemoApplication}', contextInitializerClasses = '[]', activeProfiles = '{}', propertySourceLocations = '{}', propertySourceProperties = '{org.springframework.boot.test.context.SpringBootTestContextBootstrapper=true}', contextCustomizers = set[[ImportsContextCustomizer@f627d13 key = [org.springframework.boot.test.autoconfigure.web.servlet.MockMvcAutoConfiguration, org.springframework.boot.test.autoconfigure.web.servlet.MockMvcSecurityAutoConfiguration, org.springframework.boot.test.autoconfigure.web.servlet.MockMvcWebClientAutoConfiguration, org.springframework.boot.test.autoconfigure.web.servlet.MockMvcWebDriverAutoConfiguration]], org.springframework.boot.test.context.filter.ExcludeFilterContextCustomizer@3bf7ca37, org.springframework.boot.test.json.DuplicateJsonObjectContextCustomizerFactory$DuplicateJsonObjectContextCustomizer@4b2bac3f, org.springframework.boot.test.mock.mockito.MockitoContextCustomizer@0, org.springframework.boot.test.web.client.TestRestTemplateContextCustomizer@8297b3a, org.springframework.boot.test.autoconfigure.properties.PropertyMappingContextCustomizer@e7e8512, org.springframework.boot.test.autoconfigure.web.servlet.WebDriverContextCustomizerFactory$Customizer@ae13544], resourceBasePath = 'src/main/webapp', contextLoader = 'org.springframework.boot.test.context.SpringBootContextLoader', parent = [null]], attributes = map['org.springframework.test.context.web.ServletTestExecutionListener.activateListener' -> true]], class annotated with @DirtiesContext [false] with mode [null].
13:37:55.454 [main] DEBUG org.springframework.test.annotation.ProfileValueUtils - Retrieved @ProfileValueSourceConfiguration [null] for test class [ru.usharik.liquibase.demo.LiquibaseDemoApplicationTests]
13:37:55.455 [main] DEBUG org.springframework.test.annotation.ProfileValueUtils - Retrieved ProfileValueSource type [class org.springframework.test.annotation.SystemProfileValueSource] for class [ru.usharik.liquibase.demo.LiquibaseDemoApplicationTests]
13:37:55.490 [main] DEBUG org.springframework.test.context.support.TestPropertySourceUtils - Adding inlined properties to environment: {spring.jmx.enabled=false, org.springframework.boot.test.context.SpringBootTestContextBootstrapper=true, server.port=-1}

  .   ____          _            __ _ _
 /\\ / ___'_ __ _ _(_)_ __  __ _ \ \ \ \
( ( )\___ | '_ | '_| | '_ \/ _` | \ \ \ \
 \\/  ___)| |_)| | | | | || (_| |  ) ) ) )
  '  |____| .__|_| |_|_| |_\__, | / / / /
 =========|_|==============|___/=/_/_/_/
 :: Spring Boot ::        (v2.1.6.RELEASE)

2020-01-17 13:37:56.285  INFO 10084 --- [           main] r.u.l.d.LiquibaseDemoApplicationTests    : Starting LiquibaseDemoApplicationTests on pyatak with PID 10084 (started by pyatak in D:\WORK\Java\spring-liquibase-hibernate\SpringHibernate)
2020-01-17 13:37:56.289  INFO 10084 --- [           main] r.u.l.d.LiquibaseDemoApplicationTests    : No active profile set, falling back to default profiles: default
2020-01-17 13:37:57.856  INFO 10084 --- [           main] .s.d.r.c.RepositoryConfigurationDelegate : Bootstrapping Spring Data repositories in DEFAULT mode.
2020-01-17 13:37:57.996  INFO 10084 --- [           main] .s.d.r.c.RepositoryConfigurationDelegate : Finished Spring Data repository scanning in 116ms. Found 1 repository interfaces.
2020-01-17 13:37:58.927  INFO 10084 --- [           main] trationDelegate$BeanPostProcessorChecker : Bean 'org.springframework.transaction.annotation.ProxyTransactionManagementConfiguration' of type [org.springframework.transaction.annotation.ProxyTransactionManagementConfiguration$$EnhancerBySpringCGLIB$$6595898c] is not eligible for getting processed by all BeanPostProcessors (for example: not eligible for auto-proxying)
2020-01-17 13:37:59.323  INFO 10084 --- [           main] com.zaxxer.hikari.HikariDataSource       : HikariPool-1 - Starting...
2020-01-17 13:37:59.719  INFO 10084 --- [           main] com.zaxxer.hikari.HikariDataSource       : HikariPool-1 - Start completed.
2020-01-17 13:38:00.958  INFO 10084 --- [           main] liquibase.executor.jvm.JdbcExecutor      : SELECT COUNT(*) FROM PUBLIC.DATABASECHANGELOGLOCK
2020-01-17 13:38:00.982  INFO 10084 --- [           main] liquibase.executor.jvm.JdbcExecutor      : CREATE TABLE PUBLIC.DATABASECHANGELOGLOCK (ID INT NOT NULL, LOCKED BOOLEAN NOT NULL, LOCKGRANTED TIMESTAMP, LOCKEDBY VARCHAR(255), CONSTRAINT PK_DATABASECHANGELOGLOCK PRIMARY KEY (ID))
2020-01-17 13:38:00.992  INFO 10084 --- [           main] liquibase.executor.jvm.JdbcExecutor      : SELECT COUNT(*) FROM PUBLIC.DATABASECHANGELOGLOCK
2020-01-17 13:38:01.000  INFO 10084 --- [           main] liquibase.executor.jvm.JdbcExecutor      : DELETE FROM PUBLIC.DATABASECHANGELOGLOCK
2020-01-17 13:38:01.003  INFO 10084 --- [           main] liquibase.executor.jvm.JdbcExecutor      : INSERT INTO PUBLIC.DATABASECHANGELOGLOCK (ID, LOCKED) VALUES (1, FALSE)
2020-01-17 13:38:01.009  INFO 10084 --- [           main] liquibase.executor.jvm.JdbcExecutor      : SELECT LOCKED FROM PUBLIC.DATABASECHANGELOGLOCK WHERE ID=1
2020-01-17 13:38:01.027  INFO 10084 --- [           main] l.lockservice.StandardLockService        : Successfully acquired change log lock
2020-01-17 13:38:02.900  INFO 10084 --- [           main] l.c.StandardChangeLogHistoryService      : Creating database history table with name: PUBLIC.DATABASECHANGELOG
2020-01-17 13:38:02.905  INFO 10084 --- [           main] liquibase.executor.jvm.JdbcExecutor      : CREATE TABLE PUBLIC.DATABASECHANGELOG (ID VARCHAR(255) NOT NULL, AUTHOR VARCHAR(255) NOT NULL, FILENAME VARCHAR(255) NOT NULL, DATEEXECUTED TIMESTAMP NOT NULL, ORDEREXECUTED INT NOT NULL, EXECTYPE VARCHAR(10) NOT NULL, MD5SUM VARCHAR(35), DESCRIPTION VARCHAR(255), COMMENTS VARCHAR(255), TAG VARCHAR(255), LIQUIBASE VARCHAR(20), CONTEXTS VARCHAR(255), LABELS VARCHAR(255), DEPLOYMENT_ID VARCHAR(10))
2020-01-17 13:38:02.907  INFO 10084 --- [           main] liquibase.executor.jvm.JdbcExecutor      : SELECT COUNT(*) FROM PUBLIC.DATABASECHANGELOG
2020-01-17 13:38:02.908  INFO 10084 --- [           main] l.c.StandardChangeLogHistoryService      : Reading from PUBLIC.DATABASECHANGELOG
2020-01-17 13:38:02.910  INFO 10084 --- [           main] liquibase.executor.jvm.JdbcExecutor      : SELECT * FROM PUBLIC.DATABASECHANGELOG ORDER BY DATEEXECUTED ASC, ORDEREXECUTED ASC
2020-01-17 13:38:02.912  INFO 10084 --- [           main] liquibase.executor.jvm.JdbcExecutor      : SELECT COUNT(*) FROM PUBLIC.DATABASECHANGELOGLOCK
2020-01-17 13:38:02.973  INFO 10084 --- [           main] liquibase.executor.jvm.JdbcExecutor      : CREATE TABLE PUBLIC.users (id BIGINT AUTO_INCREMENT NOT NULL, first_name VARCHAR(50) NOT NULL, last_name VARCHAR(50), department BIGINT NOT NULL, birthday TIMESTAMP NOT NULL, CONSTRAINT PK_USERS PRIMARY KEY (id))
2020-01-17 13:38:02.981  INFO 10084 --- [           main] liquibase.changelog.ChangeSet            : Table users created
2020-01-17 13:38:02.982  INFO 10084 --- [           main] liquibase.changelog.ChangeSet            : ChangeSet /db/changelog/changes/createUsersTable-changeLog-1.xml::1::admin ran successfully in 11ms
2020-01-17 13:38:02.984  INFO 10084 --- [           main] liquibase.executor.jvm.JdbcExecutor      : SELECT MAX(ORDEREXECUTED) FROM PUBLIC.DATABASECHANGELOG
2020-01-17 13:38:03.002  INFO 10084 --- [           main] liquibase.executor.jvm.JdbcExecutor      : INSERT INTO PUBLIC.DATABASECHANGELOG (ID, AUTHOR, FILENAME, DATEEXECUTED, ORDEREXECUTED, MD5SUM, DESCRIPTION, COMMENTS, EXECTYPE, CONTEXTS, LABELS, LIQUIBASE, DEPLOYMENT_ID) VALUES ('1', 'admin', '/db/changelog/changes/createUsersTable-changeLog-1.xml', NOW(), 1, '8:c07d334c6c1dcb15d57e8e7a8fc91b24', 'createTable tableName=users', '', 'EXECUTED', NULL, NULL, '3.6.3', '9250282914')
2020-01-17 13:38:03.007  INFO 10084 --- [           main] liquibase.executor.jvm.JdbcExecutor      : CREATE TABLE PUBLIC.departments (id BIGINT AUTO_INCREMENT NOT NULL, id_parent BIGINT NOT NULL, NameDep VARCHAR(50), CONSTRAINT PK_DEPARTMENTS PRIMARY KEY (id))
2020-01-17 13:38:03.009  INFO 10084 --- [           main] liquibase.changelog.ChangeSet            : Table departments created
2020-01-17 13:38:03.011  INFO 10084 --- [           main] liquibase.changelog.ChangeSet            : ChangeSet /db/changelog/changes/createDepsTable-changeLog-2.xml::2::admin ran successfully in 6ms
2020-01-17 13:38:03.014  INFO 10084 --- [           main] liquibase.executor.jvm.JdbcExecutor      : INSERT INTO PUBLIC.DATABASECHANGELOG (ID, AUTHOR, FILENAME, DATEEXECUTED, ORDEREXECUTED, MD5SUM, DESCRIPTION, COMMENTS, EXECTYPE, CONTEXTS, LABELS, LIQUIBASE, DEPLOYMENT_ID) VALUES ('2', 'admin', '/db/changelog/changes/createDepsTable-changeLog-2.xml', NOW(), 2, '8:da52f2b686f72e34ddd538541e856620', 'createTable tableName=departments', '', 'EXECUTED', NULL, NULL, '3.6.3', '9250282914')
2020-01-17 13:38:03.021  INFO 10084 --- [           main] liquibase.executor.jvm.JdbcExecutor      : INSERT INTO PUBLIC.users (id, first_name, last_name, department, birthday) VALUES (1, 'Иван', 'Иванов', 11, '1995-02-12 00:00:00.000')
2020-01-17 13:38:03.023  INFO 10084 --- [           main] liquibase.changelog.ChangeSet            : New row inserted into users
2020-01-17 13:38:03.024  INFO 10084 --- [           main] liquibase.executor.jvm.JdbcExecutor      : INSERT INTO PUBLIC.users (id, first_name, last_name, department, birthday) VALUES (2, 'Петр', 'Петров', 111, '1994-01-20 00:00:00.000')
2020-01-17 13:38:03.028  INFO 10084 --- [           main] liquibase.changelog.ChangeSet            : New row inserted into users
2020-01-17 13:38:03.028  INFO 10084 --- [           main] liquibase.changelog.ChangeSet            : ChangeSet /db/changelog/changes/insert-user-table-changelog-3.xml::3::admin ran successfully in 11ms
2020-01-17 13:38:03.033  INFO 10084 --- [           main] liquibase.executor.jvm.JdbcExecutor      : INSERT INTO PUBLIC.DATABASECHANGELOG (ID, AUTHOR, FILENAME, DATEEXECUTED, ORDEREXECUTED, MD5SUM, DESCRIPTION, COMMENTS, EXECTYPE, CONTEXTS, LABELS, LIQUIBASE, DEPLOYMENT_ID) VALUES ('3', 'admin', '/db/changelog/changes/insert-user-table-changelog-3.xml', NOW(), 3, '8:40a14aaee4740c17176a0862666842b9', 'insert tableName=users; insert tableName=users', '', 'EXECUTED', NULL, NULL, '3.6.3', '9250282914')
2020-01-17 13:38:03.036  INFO 10084 --- [           main] liquibase.executor.jvm.JdbcExecutor      : INSERT INTO PUBLIC.departments (id, id_parent, NameDep) VALUES (1, 0, 'MyCompany')
2020-01-17 13:38:03.038  INFO 10084 --- [           main] liquibase.changelog.ChangeSet            : New row inserted into departments
2020-01-17 13:38:03.040  INFO 10084 --- [           main] liquibase.executor.jvm.JdbcExecutor      : INSERT INTO PUBLIC.departments (id, id_parent, NameDep) VALUES (11, 1, 'Нестандартное оборудование')
2020-01-17 13:38:03.041  INFO 10084 --- [           main] liquibase.changelog.ChangeSet            : New row inserted into departments
2020-01-17 13:38:03.042  INFO 10084 --- [           main] liquibase.executor.jvm.JdbcExecutor      : INSERT INTO PUBLIC.departments (id, id_parent, NameDep) VALUES (111, 11, 'тех отдел')
2020-01-17 13:38:03.043  INFO 10084 --- [           main] liquibase.changelog.ChangeSet            : New row inserted into departments
2020-01-17 13:38:03.043  INFO 10084 --- [           main] liquibase.executor.jvm.JdbcExecutor      : INSERT INTO PUBLIC.departments (id, id_parent, NameDep) VALUES (112, 11, 'ко')
2020-01-17 13:38:03.044  INFO 10084 --- [           main] liquibase.changelog.ChangeSet            : New row inserted into departments
2020-01-17 13:38:03.046  INFO 10084 --- [           main] liquibase.executor.jvm.JdbcExecutor      : INSERT INTO PUBLIC.departments (id, id_parent, NameDep) VALUES (1121, 112, 'ко оснастки')
2020-01-17 13:38:03.052  INFO 10084 --- [           main] liquibase.changelog.ChangeSet            : New row inserted into departments
2020-01-17 13:38:03.057  INFO 10084 --- [           main] liquibase.executor.jvm.JdbcExecutor      : INSERT INTO PUBLIC.departments (id, id_parent, NameDep) VALUES (12, 1, 'отдел продаж')
2020-01-17 13:38:03.058  INFO 10084 --- [           main] liquibase.changelog.ChangeSet            : New row inserted into departments
2020-01-17 13:38:03.059  INFO 10084 --- [           main] liquibase.executor.jvm.JdbcExecutor      : INSERT INTO PUBLIC.departments (id, id_parent, NameDep) VALUES (121, 12, 'продажи нест оборудования')
2020-01-17 13:38:03.060  INFO 10084 --- [           main] liquibase.changelog.ChangeSet            : New row inserted into departments
2020-01-17 13:38:03.060  INFO 10084 --- [           main] liquibase.executor.jvm.JdbcExecutor      : INSERT INTO PUBLIC.departments (id, id_parent, NameDep) VALUES (122, 12, 'продажи проектов')
2020-01-17 13:38:03.061  INFO 10084 --- [           main] liquibase.changelog.ChangeSet            : New row inserted into departments
2020-01-17 13:38:03.061  INFO 10084 --- [           main] liquibase.changelog.ChangeSet            : ChangeSet /db/changelog/changes/insert-dep-table-changelog-4.xml::4::admin ran successfully in 26ms
2020-01-17 13:38:03.064  INFO 10084 --- [           main] liquibase.executor.jvm.JdbcExecutor      : INSERT INTO PUBLIC.DATABASECHANGELOG (ID, AUTHOR, FILENAME, DATEEXECUTED, ORDEREXECUTED, MD5SUM, DESCRIPTION, COMMENTS, EXECTYPE, CONTEXTS, LABELS, LIQUIBASE, DEPLOYMENT_ID) VALUES ('4', 'admin', '/db/changelog/changes/insert-dep-table-changelog-4.xml', NOW(), 4, '8:d34f7cb93f7368014b3f5cd3acb0be08', 'insert tableName=departments; insert tableName=departments; insert tableName=departments; insert tableName=departments; insert tableName=departments; insert tableName=departments; insert tableName=departments; insert tableName=departments', '', 'EXECUTED', NULL, NULL, '3.6.3', '9250282914')
2020-01-17 13:38:03.079  INFO 10084 --- [           main] l.lockservice.StandardLockService        : Successfully released change log lock
2020-01-17 13:38:03.446  INFO 10084 --- [           main] o.hibernate.jpa.internal.util.LogHelper  : HHH000204: Processing PersistenceUnitInfo [
	name: default
	...]
2020-01-17 13:38:03.578  INFO 10084 --- [           main] org.hibernate.Version                    : HHH000412: Hibernate Core {5.3.10.Final}
2020-01-17 13:38:03.582  INFO 10084 --- [           main] org.hibernate.cfg.Environment            : HHH000206: hibernate.properties not found
2020-01-17 13:38:03.921  INFO 10084 --- [           main] o.hibernate.annotations.common.Version   : HCANN000001: Hibernate Commons Annotations {5.0.4.Final}
2020-01-17 13:38:04.188  INFO 10084 --- [           main] org.hibernate.dialect.Dialect            : HHH000400: Using dialect: org.hibernate.dialect.SQLServerDialect
2020-01-17 13:38:05.279  INFO 10084 --- [           main] j.LocalContainerEntityManagerFactoryBean : Initialized JPA EntityManagerFactory for persistence unit 'default'
2020-01-17 13:38:07.313  INFO 10084 --- [           main] o.s.s.concurrent.ThreadPoolTaskExecutor  : Initializing ExecutorService 'applicationTaskExecutor'
2020-01-17 13:38:07.442  WARN 10084 --- [           main] aWebConfiguration$JpaWebMvcConfiguration : spring.jpa.open-in-view is enabled by default. Therefore, database queries may be performed during view rendering. Explicitly configure spring.jpa.open-in-view to disable this warning
2020-01-17 13:38:08.181  INFO 10084 --- [           main] o.s.b.t.m.w.SpringBootMockServletContext : Initializing Spring TestDispatcherServlet ''
2020-01-17 13:38:08.182  INFO 10084 --- [           main] o.s.t.web.servlet.TestDispatcherServlet  : Initializing Servlet ''
2020-01-17 13:38:08.224  INFO 10084 --- [           main] o.s.t.web.servlet.TestDispatcherServlet  : Completed initialization in 42 ms
2020-01-17 13:38:08.284  INFO 10084 --- [           main] r.u.l.d.LiquibaseDemoApplicationTests    : Started LiquibaseDemoApplicationTests in 12.774 seconds (JVM running for 14.553)
2020-01-17 13:38:08.550  INFO 10084 --- [           main] o.h.h.i.QueryTranslatorFactoryInitiator  : HHH000397: Using ASTQueryTranslatorFactory
Hibernate: select user0_.id as id1_0_, user0_.birthday as birthday2_0_, user0_.department as departme3_0_, user0_.first_name as first_na4_0_, user0_.last_name as last_nam5_0_ from users user0_
]]></system-out>
  </testcase>
  <testcase name="getUsersByDepAndBirthDAy" classname="ru.usharik.liquibase.demo.LiquibaseDemoApplicationTests" time="66.359"/>
  <testcase name="getNextMonthUsers" classname="ru.usharik.liquibase.demo.LiquibaseDemoApplicationTests" time="0.027">
    <error message="Index: 0, Size: 0" type="java.lang.IndexOutOfBoundsException">java.lang.IndexOutOfBoundsException: Index: 0, Size: 0
	at ru.usharik.liquibase.demo.LiquibaseDemoApplicationTests.getNextMonthUsers(LiquibaseDemoApplicationTests.java:54)
</error>
    <system-out><![CDATA[Hibernate: select user0_.id as id1_0_, user0_.birthday as birthday2_0_, user0_.department as departme3_0_, user0_.first_name as first_na4_0_, user0_.last_name as last_nam5_0_ from users user0_
]]></system-out>
  </testcase>
</testsuite>